  stdafx.cpp
F:\Project\Temp-master\OOPProject\GameObject.h(8,9): error C3646: 'mTag': 알 수 없는 재정의 지정자입니다.
  (소스 파일 'stdafx.cpp'을(를) 컴파일하는 중)
  
F:\Project\Temp-master\OOPProject\GameObject.h(8,13): error C4430: 형식 지정자가 없습니다. int로 가정합니다. 참고: C++에서는 기본 int를 지원하지 않습니다.
  (소스 파일 'stdafx.cpp'을(를) 컴파일하는 중)
  
F:\Project\Temp-master\OOPProject\GameObject.h(27,14): error C2061: 구문 오류: 식별자 'string'
  (소스 파일 'stdafx.cpp'을(를) 컴파일하는 중)
  
F:\Project\Temp-master\OOPProject\GameObject.h(28,9): error C3646: 'GetTag': 알 수 없는 재정의 지정자입니다.
  (소스 파일 'stdafx.cpp'을(를) 컴파일하는 중)
  
F:\Project\Temp-master\OOPProject\GameObject.h(28,15): error C2059: 구문 오류: '('
  (소스 파일 'stdafx.cpp'을(를) 컴파일하는 중)
  
F:\Project\Temp-master\OOPProject\GameObject.h(28,18): error C2334: '{' 앞에 예기치 않은 토큰이 있습니다. 명백한 함수 본문을 건너뜁니다.
  (소스 파일 'stdafx.cpp'을(를) 컴파일하는 중)
  
F:\Project\Temp-master\OOPProject\GameObject.h(27,32): error C2065: 'mTag': 선언되지 않은 식별자입니다.
  (소스 파일 'stdafx.cpp'을(를) 컴파일하는 중)
  
F:\Project\Temp-master\OOPProject\GameObject.h(27,39): error C2065: 'tagName': 선언되지 않은 식별자입니다.
  (소스 파일 'stdafx.cpp'을(를) 컴파일하는 중)
  
F:\Project\Temp-master\OOPProject\ResourceManager.h(6,6): error C2065: 'wstring': 선언되지 않은 식별자입니다.
  (소스 파일 'stdafx.cpp'을(를) 컴파일하는 중)
  
F:\Project\Temp-master\OOPProject\ResourceManager.h(6,2): error C2923: 'std::map': 'wstring'은(는) '_Kty' 매개 변수에 대한 올바른 템플릿 형식 인수가 아닙니다.
  (소스 파일 'stdafx.cpp'을(를) 컴파일하는 중)
      F:\Project\Temp-master\OOPProject\ResourceManager.h(6,6):
      'wstring' 선언을 참조하십시오.
  
F:\Project\Temp-master\OOPProject\ResourceManager.h(6,2): error C2976: 'std::map': 템플릿 인수가 너무 적습니다.
  (소스 파일 'stdafx.cpp'을(를) 컴파일하는 중)
      C:\Program Files\Microsoft Visual Studio\2022\Community\VC\Tools\MSVC\14.38.33130\include\map(72,11):
      'std::map' 선언을 참조하십시오.
  
F:\Project\Temp-master\OOPProject\ResourceManager.h(23,40): error C2061: 구문 오류: 식별자 'wstring'
  (소스 파일 'stdafx.cpp'을(를) 컴파일하는 중)
  
F:\Project\Temp-master\OOPProject\ObjectrManager.h(22,23): error C2061: 구문 오류: 식별자 'string'
  (소스 파일 'stdafx.cpp'을(를) 컴파일하는 중)
  
F:\Project\Temp-master\OOPProject\ObjectrManager.h(27,15): error C2039: 'GetTag': 'GameObject'의 멤버가 아닙니다.
  (소스 파일 'stdafx.cpp'을(를) 컴파일하는 중)
      F:\Project\Temp-master\OOPProject\GameObject.h(3,7):
      'GameObject' 선언을 참조하십시오.
  
F:\Project\Temp-master\OOPProject\ObjectrManager.h(27,27): error C2065: 'objTag': 선언되지 않은 식별자입니다.
  (소스 파일 'stdafx.cpp'을(를) 컴파일하는 중)
  
F:\Project\Temp-master\OOPProject\Frame.h(40,16): error C3646: 'mTitleCaption': 알 수 없는 재정의 지정자입니다.
  (소스 파일 'stdafx.cpp'을(를) 컴파일하는 중)
  
F:\Project\Temp-master\OOPProject\Frame.h(40,29): error C4430: 형식 지정자가 없습니다. int로 가정합니다. 참고: C++에서는 기본 int를 지원하지 않습니다.
  (소스 파일 'stdafx.cpp'을(를) 컴파일하는 중)
  
